#
# A fatal error has been detected by the Java Runtime Environment:
#
#  EXCEPTION_UNCAUGHT_CXX_EXCEPTION (0xe06d7363) at pc=0x00007ffc0deea1c8, pid=5176, tid=0x0000000000001090
#
# JRE version: Java(TM) SE Runtime Environment (8.0_101-b13) (build 1.8.0_101-b13)
# Java VM: Java HotSpot(TM) 64-Bit Server VM (25.101-b13 mixed mode windows-amd64 compressed oops)
# Problematic frame:
# C  [KERNELBASE.dll+0x2a1c8]
#
# Failed to write core dump. Minidumps are not enabled by default on client versions of Windows
#
# If you would like to submit a bug report, please visit:
#   http://bugreport.java.com/bugreport/crash.jsp
# The crash happened outside the Java Virtual Machine in native code.
# See problematic frame for where to report the bug.
#

---------------  T H R E A D  ---------------

Current thread (0x000000001908a800):  JavaThread "JavaFX Application Thread" [_thread_in_native, id=4240, stack(0x0000000019b60000,0x0000000019c60000)]

siginfo: ExceptionCode=0xe06d7363, ExceptionInformation=0x0000000019930520 0x0000000019c5d2f0 0x00007ffbf38cd220 0x00007ffbf3800000 

Registers:
RAX=0x0000000000000001, RBX=0x00007ffbf38cd220, RCX=0x0000000000000000, RDX=0x00940e000287e840
RSP=0x0000000019c5d180, RBP=0x0000000019c5d2c0, RSI=0x0000000000010000, RDI=0x0000000019c5d2f0
R8 =0x000000005a0528e9, R9 =0x0000000000000000, R10=0x0000000000000000, R11=0x0000000000000000
R12=0x00000000220f1790, R13=0x00000000170e6401, R14=0x0000000025dabf40, R15=0x0000000025dabf40
RIP=0x00007ffc0deea1c8, EFLAGS=0x0000000000000202

Top of Stack: (sp=0x0000000019c5d180)
0x0000000019c5d180:   000000000279c7d0 00007ffbf38cd220
0x0000000019c5d190:   0000000000010000 0000000019c5d2f0
0x0000000019c5d1a0:   00000001e06d7363 0000000000000000
0x0000000019c5d1b0:   00007ffc0deea1c8 0000000000000004
0x0000000019c5d1c0:   0000000019930520 0000000019c5d2f0
0x0000000019c5d1d0:   00007ffbf38cd220 00007ffbf3800000
0x0000000019c5d1e0:   00000000220f1790 0000000019c5d2f0
0x0000000019c5d1f0:   0000000000010000 0000000019c5d2d0
0x0000000019c5d200:   0000000019c5d2c0 00007ffc110885af
0x0000000019c5d210:   00000000170e6401 00007ffc00000000
0x0000000019c5d220:   00000000c0000017 0000000000000002
0x0000000019c5d230:   00007ffbf38e4000 00007ffbf3800000
0x0000000019c5d240:   0000dbb6ede0c9a4 0000000019c5d2b8
0x0000000019c5d250:   00007ffbf38cd220 00007ffbf385ef63
0x0000000019c5d260:   0000000000010000 00007ffbf38270f9
0x0000000019c5d270:   0000000000010000 00000000220f1790 

Instructions: (pc=0x00007ffc0deea1c8)
0x00007ffc0deea1a8:   49 8b d1 44 0f 47 c0 44 89 44 24 38 49 c1 e0 03
0x00007ffc0deea1b8:   e8 af eb 04 00 48 8d 4c 24 20 ff 15 18 05 0a 00
0x00007ffc0deea1c8:   48 8b 8c 24 c0 00 00 00 48 33 cc e8 88 b4 04 00
0x00007ffc0deea1d8:   48 81 c4 d8 00 00 00 c3 83 64 24 38 00 eb d6 cc 


Register to memory mapping:

RAX=0x0000000000000001 is an unknown value
RBX=0x00007ffbf38cd220 is an unknown value
RCX=0x0000000000000000 is an unknown value
RDX=0x00940e000287e840 is an unknown value
RSP=0x0000000019c5d180 is pointing into the stack for thread: 0x000000001908a800
RBP=0x0000000019c5d2c0 is pointing into the stack for thread: 0x000000001908a800
RSI=0x0000000000010000 is an unknown value
RDI=0x0000000019c5d2f0 is pointing into the stack for thread: 0x000000001908a800
R8 =0x000000005a0528e9 is an unknown value
R9 =0x0000000000000000 is an unknown value
R10=0x0000000000000000 is an unknown value
R11=0x0000000000000000 is an unknown value
R12=0x00000000220f1790 is an unknown value
R13=0x00000000170e6401 is pointing into metadata
R14=0x0000000025dabf40 is an unknown value
R15=0x0000000025dabf40 is an unknown value


Stack: [0x0000000019b60000,0x0000000019c60000],  sp=0x0000000019c5d180,  free space=1012k
Native frames: (J=compiled Java code, j=interpreted, Vv=VM code, C=native code)
C  [KERNELBASE.dll+0x2a1c8]
C  [msvcr120.dll+0x5ef63]
C  [msvcr120.dll+0x669b0]
C  [jfxwebkit.dll+0x867c8d]
C  [jfxwebkit.dll+0x867ea0]
C  [jfxwebkit.dll+0x8684bb]
C  [jfxwebkit.dll+0x864848]
C  [jfxwebkit.dll+0xa3b250]
C  [jfxwebkit.dll+0xa3e490]
C  [jfxwebkit.dll+0xa3fa46]
C  [jfxwebkit.dll+0xa39132]
C  [jfxwebkit.dll+0xa38266]
C  [jfxwebkit.dll+0xa382c7]
C  [jfxwebkit.dll+0xa382c7]
C  [jfxwebkit.dll+0xa382c7]
C  [jfxwebkit.dll+0xa382c7]
C  [jfxwebkit.dll+0xa382c7]
C  [jfxwebkit.dll+0xa382c7]
C  [jfxwebkit.dll+0xa382c7]
C  [jfxwebkit.dll+0xa382c7]
C  [jfxwebkit.dll+0xa382c7]
C  [jfxwebkit.dll+0xa382c7]
C  [jfxwebkit.dll+0x988233]
C  [jfxwebkit.dll+0x80b7d4]
C  [jfxwebkit.dll+0x80dcfd]
C  [jfxwebkit.dll+0x8ab48f]
C  [jfxwebkit.dll+0x88e406]
C  [jfxwebkit.dll+0x852926]
C  [jfxwebkit.dll+0xa3b2a8]
C  [jfxwebkit.dll+0xa3e490]
C  [jfxwebkit.dll+0xa3fa46]
C  [jfxwebkit.dll+0xa39132]
C  [jfxwebkit.dll+0x88e710]
C  0x0000000002a27914

Java frames: (J=compiled Java code, j=interpreted, Vv=VM code)
j  com.sun.webkit.WebPage.twkPrePaint(J)V+0
j  com.sun.webkit.WebPage.updateDirty(Lcom/sun/webkit/graphics/WCRectangle;)V+117
j  com.sun.webkit.WebPage.updateContent(Lcom/sun/webkit/graphics/WCRectangle;)V+48
j  com.sun.javafx.sg.prism.web.NGWebView.update()V+68
J 4420 C1 javafx.scene.web.WebView.handleStagePulse()V (113 bytes) @ 0x00000000035fbd74 [0x00000000035f9a60+0x2314]
J 4159 C1 javafx.scene.web.WebView$$Lambda$90.pulse()V (8 bytes) @ 0x0000000002e66e0c [0x0000000002e66d40+0xcc]
J 4578 C2 com.sun.javafx.tk.Toolkit$$Lambda$304.run()Ljava/lang/Object; (8 bytes) @ 0x0000000002b53fc4 [0x0000000002b53f80+0x44]
v  ~StubRoutines::call_stub
J 2116  java.security.AccessController.doPrivileged(Ljava/security/PrivilegedAction;Ljava/security/AccessControlContext;)Ljava/lang/Object; (0 bytes) @ 0x00000000030a4966 [0x00000000030a4900+0x66]
J 3870 C1 com.sun.javafx.tk.Toolkit.firePulse()V (279 bytes) @ 0x0000000003548e04 [0x0000000003547bc0+0x1244]
J 4060 C1 com.sun.javafx.tk.quantum.QuantumToolkit.pulse(Z)V (164 bytes) @ 0x0000000003587e44 [0x0000000003587800+0x644]
J 3889 C1 com.sun.javafx.tk.quantum.QuantumToolkit$$Lambda$42.run()V (8 bytes) @ 0x0000000002b98fd4 [0x0000000002b98dc0+0x214]
J 3731 C1 com.sun.glass.ui.InvokeLaterDispatcher$Future.run()V (91 bytes) @ 0x00000000034f268c [0x00000000034f2580+0x10c]
v  ~StubRoutines::call_stub
j  com.sun.glass.ui.win.WinApplication._runLoop(Ljava/lang/Runnable;)V+0
j  com.sun.glass.ui.win.WinApplication.lambda$null$148(ILjava/lang/Runnable;)V+8
j  com.sun.glass.ui.win.WinApplication$$Lambda$38.run()V+12
j  java.lang.Thread.run()V+11
v  ~StubRoutines::call_stub

---------------  P R O C E S S  ---------------

Java Threads: ( => current thread )
  0x000000001c22b000 JavaThread "Watchdog-Timer-1" daemon [_thread_blocked, id=7460, stack(0x0000000022450000,0x0000000022550000)]
  0x000000001bf17800 JavaThread "Prism Font Disposer" daemon [_thread_blocked, id=5384, stack(0x000000001e6a0000,0x000000001e7a0000)]
  0x000000001bb86800 JavaThread "Disposer" daemon [_thread_blocked, id=2384, stack(0x000000001c960000,0x000000001ca60000)]
  0x000000001bad7000 JavaThread "JavaFX-Launcher" [_thread_blocked, id=2976, stack(0x000000001c360000,0x000000001c460000)]
  0x000000001bad3000 JavaThread "Thread-2" daemon [_thread_in_native, id=1248, stack(0x000000001c260000,0x000000001c360000)]
=>0x000000001908a800 JavaThread "JavaFX Application Thread" [_thread_in_native, id=4240, stack(0x0000000019b60000,0x0000000019c60000)]
  0x000000001907b000 JavaThread "Thread-1" daemon [_thread_blocked, id=5772, stack(0x0000000019a60000,0x0000000019b60000)]
  0x0000000019060000 JavaThread "QuantumRenderer-0" daemon [_thread_blocked, id=640, stack(0x00000000192b0000,0x00000000193b0000)]
  0x0000000018ce8800 JavaThread "Service Thread" daemon [_thread_blocked, id=6424, stack(0x00000000190b0000,0x00000000191b0000)]
  0x000000001738b800 JavaThread "C1 CompilerThread2" daemon [_thread_blocked, id=2608, stack(0x0000000018bb0000,0x0000000018cb0000)]
  0x0000000017383000 JavaThread "C2 CompilerThread1" daemon [_thread_blocked, id=7676, stack(0x0000000018ab0000,0x0000000018bb0000)]
  0x0000000017380800 JavaThread "C2 CompilerThread0" daemon [_thread_blocked, id=5728, stack(0x00000000189b0000,0x0000000018ab0000)]
  0x000000001737d000 JavaThread "Attach Listener" daemon [_thread_blocked, id=6676, stack(0x00000000188b0000,0x00000000189b0000)]
  0x000000001737b800 JavaThread "Signal Dispatcher" daemon [_thread_blocked, id=5220, stack(0x00000000187b0000,0x00000000188b0000)]
  0x0000000002a0b000 JavaThread "Finalizer" daemon [_thread_blocked, id=2024, stack(0x00000000185d0000,0x00000000186d0000)]
  0x0000000002a00000 JavaThread "Reference Handler" daemon [_thread_blocked, id=8080, stack(0x00000000184d0000,0x00000000185d0000)]
  0x0000000002910800 JavaThread "main" [_thread_blocked, id=3636, stack(0x0000000002810000,0x0000000002910000)]

Other Threads:
  0x0000000017347800 VMThread [stack: 0x00000000183d0000,0x00000000184d0000] [id=6696]
  0x00000000173b4000 WatcherThread [stack: 0x00000000191b0000,0x00000000192b0000] [id=6036]

VM state:not at safepoint (normal execution)

VM Mutex/Monitor currently owned by a thread: None

Heap:
 PSYoungGen      total 167936K, used 128409K [0x00000000d6e00000, 0x00000000ee080000, 0x0000000100000000)
  eden space 61440K, 35% used [0x00000000d6e00000,0x00000000d8366600,0x00000000daa00000)
  from space 106496K, 100% used [0x00000000e3400000,0x00000000e9c00000,0x00000000e9c00000)
  to   space 141312K, 0% used [0x00000000daa00000,0x00000000daa00000,0x00000000e3400000)
 ParOldGen       total 483328K, used 389929K [0x0000000084a00000, 0x00000000a2200000, 0x00000000d6e00000)
  object space 483328K, 80% used [0x0000000084a00000,0x000000009c6ca5f8,0x00000000a2200000)
 Metaspace       used 24961K, capacity 26428K, committed 26496K, reserved 1073152K
  class space    used 3386K, capacity 3674K, committed 3712K, reserved 1048576K

Card table byte_map: [0x0000000011dd0000,0x00000000121b0000] byte_map_base: 0x00000000119ab000

Marking Bits: (ParMarkBitMap*) 0x000000005a62a6d0
 Begin Bits: [0x0000000012850000, 0x0000000014728000)
 End Bits:   [0x0000000014728000, 0x0000000016600000)

Polling page: 0x0000000000bc0000

CodeCache: size=245760Kb used=14011Kb max_used=14069Kb free=231748Kb
 bounds [0x0000000002a10000, 0x00000000037f0000, 0x0000000011a10000]
 total_blobs=5213 nmethods=4425 adapters=699
 compilation: enabled

Compilation events (10 events):
Event: 42.567 Thread 0x0000000017380800 nmethod 5089 0x00000000030ac090 code [0x00000000030ac1e0, 0x00000000030ac418]
Event: 42.568 Thread 0x0000000017383000 nmethod 5090 0x00000000030b0190 code [0x00000000030b02e0, 0x00000000030b04d8]
Event: 42.579 Thread 0x0000000017380800 5091       4       com.sun.javafx.webkit.prism.WCBufferedContext::<init> (51 bytes)
Event: 42.589 Thread 0x0000000017380800 nmethod 5091 0x0000000003388410 code [0x00000000033885e0, 0x0000000003388d38]
Event: 42.616 Thread 0x0000000017383000 5092       4       com.sun.webkit.graphics.WCRenderQueue::<init> (47 bytes)
Event: 42.616 Thread 0x0000000017380800 5093       4       com.sun.javafx.webkit.prism.PrismGraphicsManager::createRTImage (13 bytes)
Event: 42.618 Thread 0x0000000017380800 nmethod 5093 0x00000000030a6d10 code [0x00000000030a6e60, 0x00000000030a6f78]
Event: 42.621 Thread 0x0000000017383000 nmethod 5092 0x00000000032f2e50 code [0x00000000032f2fe0, 0x00000000032f33f8]
Event: 42.651 Thread 0x0000000017380800 5094       4       com.sun.javafx.webkit.prism.PrismGraphicsManager::createBufferedContextRQ (45 bytes)
Event: 42.671 Thread 0x0000000017380800 nmethod 5094 0x0000000003188210 code [0x0000000003188460, 0x00000000031895f8]

GC Heap History (10 events):
Event: 53.930 GC heap before
{Heap before GC invocations=14 (full 3):
 PSYoungGen      total 143872K, used 123953K [0x00000000d6e00000, 0x00000000e6780000, 0x0000000100000000)
  eden space 57856K, 100% used [0x00000000d6e00000,0x00000000da680000,0x00000000da680000)
  from space 86016K, 76% used [0x00000000e0280000,0x00000000e430c558,0x00000000e5680000)
  to   space 94208K, 0% used [0x00000000da680000,0x00000000da680000,0x00000000e0280000)
 ParOldGen       total 292864K, used 160267K [0x0000000084a00000, 0x0000000096800000, 0x00000000d6e00000)
  object space 292864K, 54% used [0x0000000084a00000,0x000000008e682ec8,0x0000000096800000)
 Metaspace       used 24961K, capacity 26428K, committed 26496K, reserved 1073152K
  class space    used 3386K, capacity 3674K, committed 3712K, reserved 1048576K
Event: 54.462 GC heap after
Heap after GC invocations=14 (full 3):
 PSYoungGen      total 152064K, used 57952K [0x00000000d6e00000, 0x00000000e7780000, 0x0000000100000000)
  eden space 57856K, 0% used [0x00000000d6e00000,0x00000000d6e00000,0x00000000da680000)
  from space 94208K, 61% used [0x00000000da680000,0x00000000ddf18000,0x00000000e0280000)
  to   space 96768K, 0% used [0x00000000e1900000,0x00000000e1900000,0x00000000e7780000)
 ParOldGen       total 292864K, used 226803K [0x0000000084a00000, 0x0000000096800000, 0x00000000d6e00000)
  object space 292864K, 77% used [0x0000000084a00000,0x000000009277cec8,0x0000000096800000)
 Metaspace       used 24961K, capacity 26428K, committed 26496K, reserved 1073152K
  class space    used 3386K, capacity 3674K, committed 3712K, reserved 1048576K
}
Event: 56.767 GC heap before
{Heap before GC invocations=15 (full 3):
 PSYoungGen      total 152064K, used 115808K [0x00000000d6e00000, 0x00000000e7780000, 0x0000000100000000)
  eden space 57856K, 100% used [0x00000000d6e00000,0x00000000da680000,0x00000000da680000)
  from space 94208K, 61% used [0x00000000da680000,0x00000000ddf18000,0x00000000e0280000)
  to   space 96768K, 0% used [0x00000000e1900000,0x00000000e1900000,0x00000000e7780000)
 ParOldGen       total 292864K, used 226803K [0x0000000084a00000, 0x0000000096800000, 0x00000000d6e00000)
  object space 292864K, 77% used [0x0000000084a00000,0x000000009277cec8,0x0000000096800000)
 Metaspace       used 24961K, capacity 26428K, committed 26496K, reserved 1073152K
  class space    used 3386K, capacity 3674K, committed 3712K, reserved 1048576K
Event: 57.001 GC heap after
Heap after GC invocations=15 (full 3):
 PSYoungGen      total 173568K, used 57984K [0x00000000d6e00000, 0x00000000e7a80000, 0x0000000100000000)
  eden space 76800K, 0% used [0x00000000d6e00000,0x00000000d6e00000,0x00000000db900000)
  from space 96768K, 59% used [0x00000000e1900000,0x00000000e51a0000,0x00000000e7780000)
  to   space 98304K, 0% used [0x00000000db900000,0x00000000db900000,0x00000000e1900000)
 ParOldGen       total 292864K, used 284971K [0x0000000084a00000, 0x0000000096800000, 0x00000000d6e00000)
  object space 292864K, 97% used [0x0000000084a00000,0x000000009604aec8,0x0000000096800000)
 Metaspace       used 24961K, capacity 26428K, committed 26496K, reserved 1073152K
  class space    used 3386K, capacity 3674K, committed 3712K, reserved 1048576K
}
Event: 57.001 GC heap before
{Heap before GC invocations=16 (full 4):
 PSYoungGen      total 173568K, used 57984K [0x00000000d6e00000, 0x00000000e7a80000, 0x0000000100000000)
  eden space 76800K, 0% used [0x00000000d6e00000,0x00000000d6e00000,0x00000000db900000)
  from space 96768K, 59% used [0x00000000e1900000,0x00000000e51a0000,0x00000000e7780000)
  to   space 98304K, 0% used [0x00000000db900000,0x00000000db900000,0x00000000e1900000)
 ParOldGen       total 292864K, used 284971K [0x0000000084a00000, 0x0000000096800000, 0x00000000d6e00000)
  object space 292864K, 97% used [0x0000000084a00000,0x000000009604aec8,0x0000000096800000)
 Metaspace       used 24961K, capacity 26428K, committed 26496K, reserved 1073152K
  class space    used 3386K, capacity 3674K, committed 3712K, reserved 1048576K
Event: 58.952 GC heap after
Heap after GC invocations=16 (full 4):
 PSYoungGen      total 173568K, used 49162K [0x00000000d6e00000, 0x00000000e7a80000, 0x0000000100000000)
  eden space 76800K, 0% used [0x00000000d6e00000,0x00000000d6e00000,0x00000000db900000)
  from space 96768K, 50% used [0x00000000e1900000,0x00000000e4902858,0x00000000e7780000)
  to   space 98304K, 0% used [0x00000000db900000,0x00000000db900000,0x00000000e1900000)
 ParOldGen       total 483328K, used 292841K [0x0000000084a00000, 0x00000000a2200000, 0x00000000d6e00000)
  object space 483328K, 60% used [0x0000000084a00000,0x00000000967fa5f8,0x00000000a2200000)
 Metaspace       used 24961K, capacity 26428K, committed 26496K, reserved 1073152K
  class space    used 3386K, capacity 3674K, committed 3712K, reserved 1048576K
}
Event: 62.384 GC heap before
{Heap before GC invocations=17 (full 4):
 PSYoungGen      total 173568K, used 125962K [0x00000000d6e00000, 0x00000000e7a80000, 0x0000000100000000)
  eden space 76800K, 100% used [0x00000000d6e00000,0x00000000db900000,0x00000000db900000)
  from space 96768K, 50% used [0x00000000e1900000,0x00000000e4902858,0x00000000e7780000)
  to   space 98304K, 0% used [0x00000000db900000,0x00000000db900000,0x00000000e1900000)
 ParOldGen       total 483328K, used 292841K [0x0000000084a00000, 0x00000000a2200000, 0x00000000d6e00000)
  object space 483328K, 60% used [0x0000000084a00000,0x00000000967fa5f8,0x00000000a2200000)
 Metaspace       used 24961K, capacity 26428K, committed 26496K, reserved 1073152K
  class space    used 3386K, capacity 3674K, committed 3712K, reserved 1048576K
Event: 62.655 GC heap after
Heap after GC invocations=17 (full 4):
 PSYoungGen      total 175104K, used 76960K [0x00000000d6e00000, 0x00000000e9c00000, 0x0000000100000000)
  eden space 76800K, 0% used [0x00000000d6e00000,0x00000000d6e00000,0x00000000db900000)
  from space 98304K, 78% used [0x00000000db900000,0x00000000e0428000,0x00000000e1900000)
  to   space 106496K, 0% used [0x00000000e3400000,0x00000000e3400000,0x00000000e9c00000)
 ParOldGen       total 483328K, used 342337K [0x0000000084a00000, 0x00000000a2200000, 0x00000000d6e00000)
  object space 483328K, 70% used [0x0000000084a00000,0x00000000998505f8,0x00000000a2200000)
 Metaspace       used 24961K, capacity 26428K, committed 26496K, reserved 1073152K
  class space    used 3386K, capacity 3674K, committed 3712K, reserved 1048576K
}
Event: 66.235 GC heap before
{Heap before GC invocations=18 (full 4):
 PSYoungGen      total 175104K, used 153760K [0x00000000d6e00000, 0x00000000e9c00000, 0x0000000100000000)
  eden space 76800K, 100% used [0x00000000d6e00000,0x00000000db900000,0x00000000db900000)
  from space 98304K, 78% used [0x00000000db900000,0x00000000e0428000,0x00000000e1900000)
  to   space 106496K, 0% used [0x00000000e3400000,0x00000000e3400000,0x00000000e9c00000)
 ParOldGen       total 483328K, used 342337K [0x0000000084a00000, 0x00000000a2200000, 0x00000000d6e00000)
  object space 483328K, 70% used [0x0000000084a00000,0x00000000998505f8,0x00000000a2200000)
 Metaspace       used 24961K, capacity 26428K, committed 26496K, reserved 1073152K
  class space    used 3386K, capacity 3674K, committed 3712K, reserved 1048576K
Event: 66.587 GC heap after
Heap after GC invocations=18 (full 4):
 PSYoungGen      total 167936K, used 106496K [0x00000000d6e00000, 0x00000000ee080000, 0x0000000100000000)
  eden space 61440K, 0% used [0x00000000d6e00000,0x00000000d6e00000,0x00000000daa00000)
  from space 106496K, 100% used [0x00000000e3400000,0x00000000e9c00000,0x00000000e9c00000)
  to   space 141312K, 0% used [0x00000000daa00000,0x00000000daa00000,0x00000000e3400000)
 ParOldGen       total 483328K, used 389929K [0x0000000084a00000, 0x00000000a2200000, 0x00000000d6e00000)
  object space 483328K, 80% used [0x0000000084a00000,0x000000009c6ca5f8,0x00000000a2200000)
 Metaspace       used 24961K, capacity 26428K, committed 26496K, reserved 1073152K
  class space    used 3386K, capacity 3674K, committed 3712K, reserved 1048576K
}

Deoptimization events (10 events):
Event: 12.592 Thread 0x000000001908a800 Uncommon trap: reason=unstable_if action=reinterpret pc=0x0000000002e1e44c method=jdk.internal.org.objectweb.asm.Item.isEqualTo(Ljdk/internal/org/objectweb/asm/Item;)Z @ 331
Event: 12.594 Thread 0x0000000019060000 Uncommon trap: reason=class_check action=maybe_recompile pc=0x0000000002cc9d78 method=com.sun.javafx.font.CompositeStrike.getStrikeSlot(I)Lcom/sun/javafx/font/FontStrike; @ 16
Event: 13.639 Thread 0x000000001908a800 Uncommon trap: reason=unstable_if action=reinterpret pc=0x0000000002e0ec84 method=javafx.scene.Node.updateBounds()V @ 37
Event: 13.639 Thread 0x000000001908a800 Uncommon trap: reason=unstable_if action=reinterpret pc=0x00000000032e58f0 method=javafx.scene.Node.updateLocalToParentTransform()V @ 337
Event: 13.658 Thread 0x000000001908a800 Uncommon trap: reason=unstable_if action=reinterpret pc=0x0000000002c6f14c method=javafx.scene.Node.updateBounds()V @ 37
Event: 15.985 Thread 0x000000001c22b000 Uncommon trap: reason=unstable_if action=reinterpret pc=0x00000000035e6464 method=java.util.concurrent.locks.AbstractQueuedSynchronizer.unparkSuccessor(Ljava/util/concurrent/locks/AbstractQueuedSynchronizer$Node;)V @ 22
Event: 26.026 Thread 0x000000001908a800 Uncommon trap: reason=unstable_if action=reinterpret pc=0x00000000035f356c method=java.security.AccessControlContext.optimize()Ljava/security/AccessControlContext; @ 27
Event: 29.126 Thread 0x0000000019060000 Uncommon trap: reason=unstable_if action=reinterpret pc=0x0000000003662558 method=com.sun.javafx.geom.RectBounds.intersectWith(FFFF)V @ 11
Event: 29.126 Thread 0x0000000019060000 Uncommon trap: reason=unstable_if action=reinterpret pc=0x0000000003144d88 method=com.sun.javafx.geom.RectBounds.intersectWith(FFFF)V @ 11
Event: 32.293 Thread 0x000000001908a800 Uncommon trap: reason=unstable_if action=reinterpret pc=0x00000000035e7228 method=java.util.concurrent.locks.AbstractQueuedSynchronizer.unparkSuccessor(Ljava/util/concurrent/locks/AbstractQueuedSynchronizer$Node;)V @ 22

Internal exceptions (10 events):
Event: 0.810 Thread 0x000000001908a800 Exception <a 'sun/nio/fs/WindowsException'> (0x00000000d7ed7ec8) thrown at [C:\re\workspace\8-2-build-windows-amd64-cygwin\jdk8u101\7261\hotspot\src\share\vm\prims\jni.cpp, line 709]
Event: 0.828 Thread 0x000000001908a800 Exception <a 'sun/nio/fs/WindowsException'> (0x00000000d7eda090) thrown at [C:\re\workspace\8-2-build-windows-amd64-cygwin\jdk8u101\7261\hotspot\src\share\vm\prims\jni.cpp, line 709]
Event: 0.858 Thread 0x000000001908a800 Implicit null exception at 0x0000000002c44856 to 0x0000000002c44b6d
Event: 0.998 Thread 0x000000001908a800 Implicit null exception at 0x0000000002c92b75 to 0x0000000002c92d4d
Event: 1.394 Thread 0x000000001908a800 Implicit null exception at 0x0000000002d93fe6 to 0x0000000002d94031
Event: 1.577 Thread 0x000000001908a800 Implicit null exception at 0x0000000002e40f30 to 0x0000000002e413fd
Event: 1.692 Thread 0x000000001908a800 Implicit null exception at 0x0000000002e79be6 to 0x0000000002e7a0f1
Event: 2.141 Thread 0x000000001c22e800 Implicit null exception at 0x000000000302349d to 0x0000000003023609
Event: 15.985 Thread 0x000000001c22b000 Implicit null exception at 0x00000000035e6368 to 0x00000000035e6445
Event: 32.293 Thread 0x000000001908a800 Implicit null exception at 0x00000000035e6d66 to 0x00000000035e71f9

Events (10 events):
Event: 51.555 Executing VM operation: RevokeBias done
Event: 51.555 Thread 0x000000001ecc9000 Thread exited: 0x000000001ecc9000
Event: 53.930 Executing VM operation: ParallelGCFailedAllocation
Event: 54.462 Executing VM operation: ParallelGCFailedAllocation done
Event: 56.767 Executing VM operation: ParallelGCFailedAllocation
Event: 58.952 Executing VM operation: ParallelGCFailedAllocation done
Event: 62.384 Executing VM operation: ParallelGCFailedAllocation
Event: 62.655 Executing VM operation: ParallelGCFailedAllocation done
Event: 66.235 Executing VM operation: ParallelGCFailedAllocation
Event: 66.587 Executing VM operation: ParallelGCFailedAllocation done


Dynamic libraries:
0x00007ff76fb60000 - 0x00007ff76fb97000 	C:\jdk\bin\javaw.exe
0x00007ffc11070000 - 0x00007ffc11232000 	C:\Windows\SYSTEM32\ntdll.dll
0x00007ffc0eec0000 - 0x00007ffc0ef6d000 	C:\Windows\system32\KERNEL32.DLL
0x00007ffc0dec0000 - 0x00007ffc0e09d000 	C:\Windows\system32\KERNELBASE.dll
0x00007ffc10e60000 - 0x00007ffc10f06000 	C:\Windows\system32\ADVAPI32.dll
0x00007ffc0ee20000 - 0x00007ffc0eebd000 	C:\Windows\system32\msvcrt.dll
0x00007ffc0e790000 - 0x00007ffc0e7eb000 	C:\Windows\system32\sechost.dll
0x00007ffc0f340000 - 0x00007ffc0f466000 	C:\Windows\system32\RPCRT4.dll
0x00007ffc0e8d0000 - 0x00007ffc0ea1e000 	C:\Windows\system32\USER32.dll
0x00007ffc0f470000 - 0x00007ffc0f5f5000 	C:\Windows\system32\GDI32.dll
0x00007ffbf7d90000 - 0x00007ffbf8004000 	C:\Windows\WinSxS\amd64_microsoft.windows.common-controls_6595b64144ccf1df_6.0.10240.17184_none_f41d7a705752bce6\COMCTL32.dll
0x00007ffc0ea20000 - 0x00007ffc0ea56000 	C:\Windows\system32\IMM32.DLL
0x00007ffc10f10000 - 0x00007ffc1106c000 	C:\Windows\system32\MSCTF.dll
0x000000005a7a0000 - 0x000000005a7d9000 	C:\PROGRA~2\Sophos\SOPHOS~1\SOPHOS~2.DLL
0x00007ffc10e50000 - 0x00007ffc10e58000 	C:\Windows\system32\PSAPI.DLL
0x0000000180000000 - 0x000000018000c000 	C:\Windows\KATRK64.DLL
0x00007ffc0be70000 - 0x00007ffc0be83000 	C:\Windows\SYSTEM32\WTSAPI32.dll
0x0000000059240000 - 0x0000000059312000 	C:\jdk\jre\bin\msvcr100.dll
0x0000000059e10000 - 0x000000005a6aa000 	C:\jdk\jre\bin\server\jvm.dll
0x00007ffc0c050000 - 0x00007ffc0c073000 	C:\Windows\SYSTEM32\WINMM.dll
0x00007ffc03b50000 - 0x00007ffc03b59000 	C:\Windows\SYSTEM32\WSOCK32.dll
0x00007ffc0b1a0000 - 0x00007ffc0b1aa000 	C:\Windows\SYSTEM32\VERSION.dll
0x00007ffc0edb0000 - 0x00007ffc0ee19000 	C:\Windows\system32\WS2_32.dll
0x00007ffc0bff0000 - 0x00007ffc0c01c000 	C:\Windows\SYSTEM32\WINMMBASE.dll
0x00007ffc0f0b0000 - 0x00007ffc0f0b8000 	C:\Windows\system32\NSI.dll
0x00007ffc0de70000 - 0x00007ffc0deb4000 	C:\Windows\system32\cfgmgr32.dll
0x00007ffc0c400000 - 0x00007ffc0c427000 	C:\Windows\SYSTEM32\DEVOBJ.dll
0x0000000059d20000 - 0x0000000059d2f000 	C:\jdk\jre\bin\verify.dll
0x0000000059cf0000 - 0x0000000059d19000 	C:\jdk\jre\bin\java.dll
0x0000000059cd0000 - 0x0000000059ce6000 	C:\jdk\jre\bin\zip.dll
0x00007ffc0f600000 - 0x00007ffc10b23000 	C:\Windows\system32\SHELL32.dll
0x00007ffc0e0a0000 - 0x00007ffc0e6c9000 	C:\Windows\system32\windows.storage.dll
0x00007ffc0f0c0000 - 0x00007ffc0f33c000 	C:\Windows\system32\combase.dll
0x00007ffc0e730000 - 0x00007ffc0e781000 	C:\Windows\system32\shlwapi.dll
0x00007ffc0db00000 - 0x00007ffc0db0f000 	C:\Windows\system32\kernel.appcore.dll
0x00007ffc0dd00000 - 0x00007ffc0ddb3000 	C:\Windows\system32\shcore.dll
0x00007ffc0dab0000 - 0x00007ffc0dafa000 	C:\Windows\system32\powrprof.dll
0x00007ffc0db10000 - 0x00007ffc0db23000 	C:\Windows\system32\profapi.dll
0x00007ffbf3800000 - 0x00007ffbf38ef000 	C:\jdk\jre\bin\msvcr120.dll
0x00007ffbf2a70000 - 0x00007ffbf2b16000 	C:\jdk\jre\bin\msvcp120.dll
0x0000000059210000 - 0x0000000059232000 	C:\jdk\jre\bin\prism_d3d.dll
0x00007ffbe22b0000 - 0x00007ffbe24c0000 	C:\Windows\system32\d3d9.dll
0x00007ffc0b6a0000 - 0x00007ffc0b6c2000 	C:\Windows\SYSTEM32\dwmapi.dll
0x00007ffc0c360000 - 0x00007ffc0c3f6000 	C:\Windows\system32\uxtheme.dll
0x00007ffc0abf0000 - 0x00007ffc0ad57000 	C:\Windows\SYSTEM32\aticfx64.dll
0x00007ffbe2280000 - 0x00007ffbe22a1000 	C:\Windows\SYSTEM32\atiu9p64.dll
0x00007ffbe1a20000 - 0x00007ffbe2279000 	C:\Windows\SYSTEM32\atiumd64.dll
0x0000000059350000 - 0x0000000059bd8000 	C:\Windows\SYSTEM32\atiumd6a.dll
0x00000000591c0000 - 0x0000000059203000 	C:\jdk\jre\bin\glass.dll
0x00007ffc0ef70000 - 0x00007ffc0f047000 	C:\Windows\system32\COMDLG32.dll
0x00007ffc10b30000 - 0x00007ffc10c71000 	C:\Windows\system32\ole32.dll
0x00007ffc0eb10000 - 0x00007ffc0ebd2000 	C:\Windows\system32\OLEAUT32.dll
0x00007ffc0d8e0000 - 0x00007ffc0d94b000 	C:\Windows\SYSTEM32\bcryptPrimitives.dll
0x0000000056c30000 - 0x00000000591c0000 	C:\jdk\jre\bin\jfxwebkit.dll
0x00007ffc0d360000 - 0x00007ffc0d377000 	C:\Windows\SYSTEM32\CRYPTSP.dll
0x00007ffc0d6e0000 - 0x00007ffc0d708000 	C:\Windows\SYSTEM32\bcrypt.dll
0x00007ffc0cfb0000 - 0x00007ffc0cfe3000 	C:\Windows\system32\rsaenh.dll
0x00007ffc0d6d0000 - 0x00007ffc0d6db000 	C:\Windows\SYSTEM32\CRYPTBASE.dll
0x0000000059cb0000 - 0x0000000059cca000 	C:\jdk\jre\bin\net.dll
0x00007ffc0d300000 - 0x00007ffc0d35d000 	C:\Windows\system32\mswsock.dll
0x0000000059c90000 - 0x0000000059ca1000 	C:\jdk\jre\bin\nio.dll
0x00007ffc0d100000 - 0x00007ffc0d1a8000 	C:\Windows\SYSTEM32\DNSAPI.dll
0x00007ffc08b70000 - 0x00007ffc08b7a000 	C:\Windows\System32\rasadhlp.dll
0x00007ffc0b920000 - 0x00007ffc0b958000 	C:\Windows\SYSTEM32\IPHLPAPI.DLL
0x00007ffc0b900000 - 0x00007ffc0b90b000 	C:\Windows\SYSTEM32\WINNSI.DLL
0x00007ffc097a0000 - 0x00007ffc09808000 	C:\Windows\System32\fwpuclnt.dll
0x0000000056c10000 - 0x0000000056c24000 	C:\jdk\jre\bin\javafx_font.dll
0x00007ffc02640000 - 0x00007ffc02897000 	C:\Windows\SYSTEM32\dwrite.dll
0x00007ffc0ea60000 - 0x00007ffc0eb05000 	C:\Windows\system32\clbcatq.dll
0x00007ffc04b50000 - 0x00007ffc04d02000 	C:\Windows\SYSTEM32\WindowsCodecs.dll
0x00007ffc04810000 - 0x00007ffc04856000 	C:\Windows\system32\dataexchange.dll
0x00007ffc05d60000 - 0x00007ffc062a5000 	C:\Windows\system32\d2d1.dll
0x00007ffc0ad60000 - 0x00007ffc0b003000 	C:\Windows\system32\d3d11.dll
0x00007ffc0a710000 - 0x00007ffc0a7e1000 	C:\Windows\system32\dcomp.dll
0x00007ffc0b0c0000 - 0x00007ffc0b15c000 	C:\Windows\system32\dxgi.dll
0x00007ffc0c430000 - 0x00007ffc0c51e000 	C:\Windows\system32\twinapi.appcore.dll
0x00007ffc0d0e0000 - 0x00007ffc0d0ff000 	C:\Windows\system32\USERENV.dll
0x00007ffc0bd90000 - 0x00007ffc0bdc4000 	C:\Program Files\Common Files\Microsoft Shared\Ink\rtscom.dll
0x0000000056bf0000 - 0x0000000056c01000 	C:\jdk\jre\bin\prism_common.dll
0x0000000059320000 - 0x0000000059344000 	C:\jdk\jre\bin\sunec.dll
0x00007ffc098d0000 - 0x00007ffc098e6000 	C:\Windows\SYSTEM32\dhcpcsvc6.DLL
0x00007ffc09810000 - 0x00007ffc0982a000 	C:\Windows\SYSTEM32\dhcpcsvc.DLL
0x0000000056be0000 - 0x0000000056beb000 	C:\jdk\jre\bin\sunmscapi.dll
0x00007ffc0db30000 - 0x00007ffc0dcf1000 	C:\Windows\system32\CRYPT32.dll
0x00007ffc0da90000 - 0x00007ffc0daa1000 	C:\Windows\system32\MSASN1.dll
0x00007ffc05160000 - 0x00007ffc05175000 	C:\Windows\system32\napinsp.dll
0x00007ffc05140000 - 0x00007ffc0515a000 	C:\Windows\system32\pnrpnsp.dll
0x00007ffc0b6f0000 - 0x00007ffc0b708000 	C:\Windows\system32\NLAapi.dll
0x00007ffc06620000 - 0x00007ffc0662d000 	C:\Windows\System32\winrnr.dll
0x00007ffbfaaa0000 - 0x00007ffbfac2a000 	C:\Windows\SYSTEM32\dbghelp.dll

VM Arguments:
jvm_args: -Dfile.encoding=Cp1252 
java_command: application.MapApp
java_class_path (initial): H:\.eclipse_ws\petachew_pr5\bin;H:\.eclipse_ws\petachew_pr5\libs\javax.json-1.0.4.jar;H:\.eclipse_ws\petachew_pr5\libs\jfxrt.jar
Launcher Type: SUN_STANDARD

Environment Variables:
JAVA_HOME=C:\jdk
JRE_HOME=c:\Program Files\Java\jre1.8.0_101
PATH=c:/jdk/bin/../jre/bin/server;c:/jdk/bin/../jre/bin;c:/jdk/bin/../jre/lib/amd64;c:\jdk\bin;c:\Program Files\Java\jre1.8.0_101\bin;c:\Program Files\Java\jre1.8.0_101\lib;C:\Perl\bin\;C:\tools;.;C:\Windows\system32;C:\Windows;c:\cygwin\bin;H:\;
USERNAME=petachew
OS=Windows_NT
PROCESSOR_IDENTIFIER=AMD64 Family 21 Model 16 Stepping 1, AuthenticAMD



---------------  S Y S T E M  ---------------

OS: Windows 10.0 , 64 bit Build 10240 (10.0.10240.17113)

CPU:total 4 (4 cores per cpu, 1 threads per core) family 21 model 16 stepping 1, cmov, cx8, fxsr, mmx, sse, sse2, sse3, ssse3, sse4.1, sse4.2, popcnt, avx, aes, clmul, mmxext, 3dnowpref, lzcnt, sse4a, tsc, tscinvbit, tscinv, bmi1

Memory: 4k page, physical 8080968k(542908k free), swap 33246792k(6724k free)

vm_info: Java HotSpot(TM) 64-Bit Server VM (25.101-b13) for windows-amd64 JRE (1.8.0_101-b13), built on Jun 22 2016 01:21:29 by "java_re" with MS VC++ 10.0 (VS2010)

time: Wed Dec 07 15:11:38 2016
elapsed time: 68 seconds (0d 0h 1m 8s)

